SI(59.9057)TI(0.74232)AL(20.7366)FE(5.4523)MN(0.063085)MG(3.2973)CA(0.78839)NA(2.091)K(4.8171)H(32.6761)O(182.2035)
 Bulk composition: O         182.203500
                   SI         59.905700
                   TI          0.742320
                   AL         20.736600
                   FE          5.452300
                   MG          3.297300
                   MN          0.063085
                   CA          0.788390
                   NA          2.091000
                   K           4.817100
                   H          32.676100
                   E           0.000000
 ASSEMBLAGE:   1: x,y =  4.75000000E+02   6.00000000E+03  FSP4TR EP11 WM BI14 CHL14 H2O q ru                                              
      assemblage: FSP4TR_ab EP11_ep WM_mu BI14_annm CHL14_daph H2O q ru
 ASSEMBLAGE:   2: x,y =  6.25000000E+02   6.00000000E+03  FSP4TR WM BI14 ST14 MTLOW ILM00 H2O q                                           
      assemblage: FSP4TR_ab WM_mu BI14_annm ST14_fst MTLOW_imt ILM00_oilm1 H2O q
 ASSEMBLAGE:   3: x,y =  4.75000000E+02   1.00000000E+04  STLP GRT ABHGP EP11 (2)WM BI14 CHL14 H2O q ru                                   
      assemblage: STLP_fstp GRT_alm ABHGP_abM EP11_ep WM_mu WM_pa BI14_annm CHL14_daph H2O q ru
 ASSEMBLAGE:   4: x,y =  6.25000000E+02   1.00000000E+04  GRT (2)WM BI14 ILM00 H2O q ru-                                                  
      assemblage: GRT_alm WM_mu WM_pa BI14_annm ILM00_oilm1 H2O q ru-

exit DOMINO
CPU time:    0h 00m 00.55s
