
 database for this run: td_pelite.txt


 Input from file therin.txt
 --------------------------
 T =  400.00 C     P =  2000.00 Bar
 0  SI(60.0495)TI(0.70572)AL(21.2542)FE(5.0268)MN(0.061798)MG(3.3368)CA(0.63177)NA(2.5393)K(4.8597)H(32.745)O(183.0326)  *  Forshaw Pelite

 ---------------------------
 define type of calculations
 ---------------------------
 SI(60.0495)TI(0.70572)AL(21.2542)FE(5.0268)MN(0.061798)MG(3.3368)CA(0.63177)NA(2.5393)K(4.8597)H(32.745)O(183.0326)  *  Forshaw Pelite

 TEST = 1.0000E-09        LO1MAX = 350             EQUALX = 1.0000E-03      DELXMIN = 2.0000E-08
 DELXSCAN = 1.0000E+00    DELXSTAR = 4.0000E-03    STEPSTAR = 200           STEPMAX = 125            GCMAX =   20

----------------------------------------------------------------------------------------------------------------------------------

 THERIAK-loop =      0

 P = 10000.00 bar    P(Gas) = 10000.00 bar    T = 1000.00 C   =  1273.15 K

 ------------
 composition:        N           N             mol%
 ------------
 
   1  O         183.032600   1.83033E+02    58.245527
   2  SI         60.049500   6.00495E+01    19.109245
   3  TI          0.705720   7.05720E-01     0.224578
   4  AL         21.254200   2.12542E+01     6.763615
   5  FE          5.026800   5.02680E+00     1.599653
   6  MG          3.336800   3.33680E+00     1.061853
   7  MN          0.061798   6.17980E-02     0.019666
   8  CA          0.631770   6.31770E-01     0.201045
   9  NA          2.539300   2.53930E+00     0.808068
  10  K           4.859700   4.85970E+00     1.546477
  11  H          32.745000   3.27450E+01    10.420274
  12  E           0.000000   0.00000E+00     0.000000

 -----------------------
 equilibrium assemblage:
 -----------------------

  P = 10000.00 bar       P(Gas) = 10000.00 bar     T = 1000.00 C    = 1273.15 K
  stable phases:   4     loop =  68     loop2 =   1     max.phases =   1032        gcalc =    862618       blkshift = 4.88498E-14
  G(-) = 2.73296E-10     G(System) =   -94997571.75     stepsize = 4.39952E-08     R =     8.3144100       MaxG(-) =-1.57744E-10


         phase                   N         mol%                                   x              x         activity       act.(x)
         -----                   -         ----                                   -              -         --------       -------
   0  5  GRT_py                1.422443    3.747564         py                 0.480482     4.80482E-01   1.46232E-01   1.46232E-01  
                                                            alm                0.430021     4.30021E-01   7.76509E-02   7.76509E-02  
                                                            spss               0.014482     1.44817E-02   3.23741E-06   3.23741E-06  
                                                            gr                 0.011044     1.10445E-02   6.97820E-06   6.97820E-06  
                                                            kho                0.063970     6.39700E-02   1.81552E-03   1.81552E-03  
                                                                                                                                     
                             [Mg(X)]     = 0.544452     [Fe(X)]     = 0.430021     [Mn(X)]     = 0.014482     [Ca(X)]     = 0.011044 
                             [Al(Y)]     = 0.936030     [F3(Y)]     = 0.063970                                                       
                             Mg/(Fe+Mg)  = 0.535288
                             Al(pfu)     = 1.872060
 
   0  6  LIQtc6_h2oL          33.384502   87.954716         Quartz8_liq        0.195947     1.95947E-01   1.46184E-01   1.46184E-01  
                                                            Albite_liq         0.076062     7.60622E-02   4.34575E-02   4.34575E-02  
                                                            K-feldspar_liq     0.145568     1.45568E-01   8.91647E-02   8.91647E-02  
                                                            Anorthite_liq      0.017512     1.75123E-02   7.62699E-03   7.62699E-03  
                                                            Sillimanite8_liq   0.055947     5.59468E-02   6.19515E-02   6.19514E-02  
                                                            Forsterite8_liq    0.007589     7.58917E-03   1.82012E-04   1.82012E-04  
                                                            Fayalite8_liq      0.010953     1.09531E-02   1.57878E-03   1.57878E-03  
                                                            H2O_liq            0.490422     4.90422E-01   2.73979E-01   2.73979E-01  
                             Mg/(Fe+Mg)  = 0.409291
                             Si(pfu)     = 1.610300
                             Al(pfu)     = 0.435684
 
   0 20  ILM00_dilm1           1.126418    2.967658         oilm1              0.000224     2.23687E-04   4.95231E-01   4.95231E-01  
                                                            dilm1              0.626293     6.26293E-01   4.53751E-01   4.53751E-01  
                                                            dhem1              0.373483     3.73483E-01   2.09743E-01   2.09743E-01  
                                                                                                                                     
                             [Fe(A)]     = 0.313370     [Ti(A)]     = 0.313147     [F3(A)]     = 0.373483                            
                             [Ti(B)]     = 0.313370     [Fe(B)]     = 0.313147     [F3(B)]     = 0.373483                            
 
  16  0  sill                  2.023103    5.330061                                                                                  
 

 ---------------------------------------
 volumes and densities of stable phases:
 ---------------------------------------

  solid phases           N       volume/mol  volume[ccm]    vol%  |    wt/mol       wt [g]      wt %  | density [g/ccm]
  ------------                                                    |                                   |                
  GRT_py               1.4224     117.2373     166.7634    6.9327 |   449.3623     639.1922   10.8446 |     3.832930
  LIQtc6_h2oL         33.3845      62.9311    2100.9238   87.3401 |   142.3666    4752.8378   80.6371 |     2.262261
  ILM00_dilm1          1.1264      32.0225      36.0707    1.4995 |   154.6898     174.2455    2.9563 |     4.830667
  sill                 2.0231      50.2657     101.6926    4.2276 |   162.0456     327.8349    5.5621 |     3.223782
                                             ----------  -------- |              ----------  -------- |   ----------
  total of solids                             2405.4505  100.0000 |               5894.1104  100.0000 |     2.450315


 -----------------------------
 H2O content of stable phases:
 -----------------------------
                                                                  |   wt% of     wt% of     wt% of
  solid phases           N      H2O[pfu]    H2O[mol]     H2O [g]  |   phase      solids     H2O.solid
  ------------                                                    |
  LIQtc6_h2oL         33.3845     0.490      16.3725     294.9552 |   6.20587    5.00424   100.0000
                                            --------   ---------- |             --------
  total H2O in solids                        16.3725     294.9552 |              5.00424
 columns =  111  rows =    1
 columns =  111  rows =    1

 exit THERIAK
 CPU time:    0h 00m 00.16s
